# JRE version: OpenJDK Runtime Environment Temurin-17.0.5+8 (17.0.5+8) (build 17.0.5+8)
# Java VM: OpenJDK 64-Bit Server VM Temurin-17.0.5+8 (17.0.5+8, mixed mode, tiered, compressed oops, compressed class ptrs, parallel gc, windows-amd64)
GC Precious Log:
 CPUs: 8 total, 8 available
 Memory: 16206M
 Large Page Support: Disabled
 NUMA Support: Disabled
 Compressed Oops: Enabled (32-bit)
 Alignments: Space 512K, Generation 512K, Heap 2M
 Heap Min Capacity: 100M
 Heap Initial Capacity: 100M
 Heap Max Capacity: 1G
 Pre-touch: Disabled
 Parallel Workers: 8
Heap:
 PSYoungGen      total 3584K, used 1004K [0x00000000eab00000, 0x00000000eb480000, 0x0000000100000000)
  eden space 2560K, 0% used [0x00000000eab00000,0x00000000eab00000,0x00000000ead80000)
  from space 1024K, 98% used [0x00000000ead80000,0x00000000eae7b1b0,0x00000000eae80000)
  to   space 3584K, 0% used [0x00000000eb100000,0x00000000eb100000,0x00000000eb480000)
 ParOldGen       total 132608K, used 130223K [0x00000000c0000000, 0x00000000c8180000, 0x00000000eab00000)
  object space 132608K, 98% used [0x00000000c0000000,0x00000000c7f2bcb0,0x00000000c8180000)
 Metaspace       used 84985K, committed 86144K, reserved 1130496K
  class space    used 8560K, committed 9088K, reserved 1048576K
GC Heap History (20 events):
Event: 878.905 GC heap after
{Heap after GC invocations=2617 (full 41):
 PSYoungGen      total 3072K, used 224K [0x00000000eab00000, 0x00000000eaf80000, 0x0000000100000000)
  eden space 2560K, 0% used [0x00000000eab00000,0x00000000eab00000,0x00000000ead80000)
  from space 512K, 43% used [0x00000000eaf00000,0x00000000eaf38000,0x00000000eaf80000)
  to   space 512K, 0% used [0x00000000eae80000,0x00000000eae80000,0x00000000eaf00000)
 ParOldGen       total 132608K, used 127543K [0x00000000c0000000, 0x00000000c8180000, 0x00000000eab00000)
  object space 132608K, 96% used [0x00000000c0000000,0x00000000c7c8dc70,0x00000000c8180000)
 Metaspace       used 83129K, committed 84224K, reserved 1130496K
  class space    used 8267K, committed 8768K, reserved 1048576K
}
Event: 878.929 GC heap before
{Heap before GC invocations=2618 (full 41):
 PSYoungGen      total 3072K, used 2784K [0x00000000eab00000, 0x00000000eaf80000, 0x0000000100000000)
  eden space 2560K, 100% used [0x00000000eab00000,0x00000000ead80000,0x00000000ead80000)
  from space 512K, 43% used [0x00000000eaf00000,0x00000000eaf38000,0x00000000eaf80000)
  to   space 512K, 0% used [0x00000000eae80000,0x00000000eae80000,0x00000000eaf00000)
 ParOldGen       total 132608K, used 127543K [0x00000000c0000000, 0x00000000c8180000, 0x00000000eab00000)
  object space 132608K, 96% used [0x00000000c0000000,0x00000000c7c8dc70,0x00000000c8180000)
 Metaspace       used 83541K, committed 84672K, reserved 1130496K
  class space    used 8324K, committed 8832K, reserved 1048576K
}
Event: 878.930 GC heap after
{Heap after GC invocations=2618 (full 41):
 PSYoungGen      total 3072K, used 256K [0x00000000eab00000, 0x00000000eaf80000, 0x0000000100000000)
  eden space 2560K, 0% used [0x00000000eab00000,0x00000000eab00000,0x00000000ead80000)
  from space 512K, 50% used [0x00000000eae80000,0x00000000eaec0000,0x00000000eaf00000)
  to   space 512K, 0% used [0x00000000eaf00000,0x00000000eaf00000,0x00000000eaf80000)
 ParOldGen       total 132608K, used 127615K [0x00000000c0000000, 0x00000000c8180000, 0x00000000eab00000)
  object space 132608K, 96% used [0x00000000c0000000,0x00000000c7c9fc70,0x00000000c8180000)
 Metaspace       used 83541K, committed 84672K, reserved 1130496K
  class space    used 8324K, committed 8832K, reserved 1048576K
}
Event: 878.956 GC heap before
{Heap before GC invocations=2619 (full 41):
 PSYoungGen      total 3072K, used 2816K [0x00000000eab00000, 0x00000000eaf80000, 0x0000000100000000)
  eden space 2560K, 100% used [0x00000000eab00000,0x00000000ead80000,0x00000000ead80000)
  from space 512K, 50% used [0x00000000eae80000,0x00000000eaec0000,0x00000000eaf00000)
  to   space 512K, 0% used [0x00000000eaf00000,0x00000000eaf00000,0x00000000eaf80000)
 ParOldGen       total 132608K, used 127615K [0x00000000c0000000, 0x00000000c8180000, 0x00000000eab00000)
  object space 132608K, 96% used [0x00000000c0000000,0x00000000c7c9fc70,0x00000000c8180000)
 Metaspace       used 83736K, committed 84864K, reserved 1130496K
  class space    used 8381K, committed 8896K, reserved 1048576K
}
Event: 878.957 GC heap after
{Heap after GC invocations=2619 (full 41):
 PSYoungGen      total 3072K, used 128K [0x00000000eab00000, 0x00000000eaf80000, 0x0000000100000000)
  eden space 2560K, 0% used [0x00000000eab00000,0x00000000eab00000,0x00000000ead80000)
  from space 512K, 25% used [0x00000000eaf00000,0x00000000eaf20000,0x00000000eaf80000)
  to   space 512K, 0% used [0x00000000eae80000,0x00000000eae80000,0x00000000eaf00000)
 ParOldGen       total 132608K, used 127727K [0x00000000c0000000, 0x00000000c8180000, 0x00000000eab00000)
  object space 132608K, 96% used [0x00000000c0000000,0x00000000c7cbbcb0,0x00000000c8180000)
 Metaspace       used 83736K, committed 84864K, reserved 1130496K
  class space    used 8381K, committed 8896K, reserved 1048576K
}
Event: 878.983 GC heap before
{Heap before GC invocations=2620 (full 41):
 PSYoungGen      total 3072K, used 2688K [0x00000000eab00000, 0x00000000eaf80000, 0x0000000100000000)
  eden space 2560K, 100% used [0x00000000eab00000,0x00000000ead80000,0x00000000ead80000)
  from space 512K, 25% used [0x00000000eaf00000,0x00000000eaf20000,0x00000000eaf80000)
  to   space 512K, 0% used [0x00000000eae80000,0x00000000eae80000,0x00000000eaf00000)
 ParOldGen       total 132608K, used 127727K [0x00000000c0000000, 0x00000000c8180000, 0x00000000eab00000)
  object space 132608K, 96% used [0x00000000c0000000,0x00000000c7cbbcb0,0x00000000c8180000)
 Metaspace       used 84076K, committed 85184K, reserved 1130496K
  class space    used 8440K, committed 8960K, reserved 1048576K
}
Event: 878.984 GC heap after
{Heap after GC invocations=2620 (full 41):
 PSYoungGen      total 3072K, used 256K [0x00000000eab00000, 0x00000000eaf80000, 0x0000000100000000)
  eden space 2560K, 0% used [0x00000000eab00000,0x00000000eab00000,0x00000000ead80000)
  from space 512K, 50% used [0x00000000eae80000,0x00000000eaec0000,0x00000000eaf00000)
  to   space 512K, 0% used [0x00000000eaf00000,0x00000000eaf00000,0x00000000eaf80000)
 ParOldGen       total 132608K, used 127759K [0x00000000c0000000, 0x00000000c8180000, 0x00000000eab00000)
  object space 132608K, 96% used [0x00000000c0000000,0x00000000c7cc3cb0,0x00000000c8180000)
 Metaspace       used 84076K, committed 85184K, reserved 1130496K
  class space    used 8440K, committed 8960K, reserved 1048576K
}
Event: 879.007 GC heap before
{Heap before GC invocations=2621 (full 41):
 PSYoungGen      total 3072K, used 2816K [0x00000000eab00000, 0x00000000eaf80000, 0x0000000100000000)
  eden space 2560K, 100% used [0x00000000eab00000,0x00000000ead80000,0x00000000ead80000)
  from space 512K, 50% used [0x00000000eae80000,0x00000000eaec0000,0x00000000eaf00000)
  to   space 512K, 0% used [0x00000000eaf00000,0x00000000eaf00000,0x00000000eaf80000)
 ParOldGen       total 132608K, used 127759K [0x00000000c0000000, 0x00000000c8180000, 0x00000000eab00000)
  object space 132608K, 96% used [0x00000000c0000000,0x00000000c7cc3cb0,0x00000000c8180000)
 Metaspace       used 84422K, committed 85568K, reserved 1130496K
  class space    used 8485K, committed 9024K, reserved 1048576K
}
Event: 879.007 GC heap after
{Heap after GC invocations=2621 (full 41):
 PSYoungGen      total 3072K, used 224K [0x00000000eab00000, 0x00000000eaf80000, 0x0000000100000000)
  eden space 2560K, 0% used [0x00000000eab00000,0x00000000eab00000,0x00000000ead80000)
  from space 512K, 43% used [0x00000000eaf00000,0x00000000eaf38000,0x00000000eaf80000)
  to   space 512K, 0% used [0x00000000eae80000,0x00000000eae80000,0x00000000eaf00000)
 ParOldGen       total 132608K, used 127847K [0x00000000c0000000, 0x00000000c8180000, 0x00000000eab00000)
  object space 132608K, 96% used [0x00000000c0000000,0x00000000c7cd9cb0,0x00000000c8180000)
 Metaspace       used 84422K, committed 85568K, reserved 1130496K
  class space    used 8485K, committed 9024K, reserved 1048576K
}
Event: 880.838 GC heap before
{Heap before GC invocations=2622 (full 41):
 PSYoungGen      total 3072K, used 2784K [0x00000000eab00000, 0x00000000eaf80000, 0x0000000100000000)
  eden space 2560K, 100% used [0x00000000eab00000,0x00000000ead80000,0x00000000ead80000)
  from space 512K, 43% used [0x00000000eaf00000,0x00000000eaf38000,0x00000000eaf80000)
  to   space 512K, 0% used [0x00000000eae80000,0x00000000eae80000,0x00000000eaf00000)
 ParOldGen       total 132608K, used 127847K [0x00000000c0000000, 0x00000000c8180000, 0x00000000eab00000)
  object space 132608K, 96% used [0x00000000c0000000,0x00000000c7cd9cb0,0x00000000c8180000)
 Metaspace       used 84917K, committed 86016K, reserved 1130496K
  class space    used 8548K, committed 9024K, reserved 1048576K
}
Event: 880.838 GC heap after
{Heap after GC invocations=2622 (full 41):
 PSYoungGen      total 3072K, used 320K [0x00000000eab00000, 0x00000000eaf80000, 0x0000000100000000)
  eden space 2560K, 0% used [0x00000000eab00000,0x00000000eab00000,0x00000000ead80000)
  from space 512K, 62% used [0x00000000eae80000,0x00000000eaed0000,0x00000000eaf00000)
  to   space 512K, 0% used [0x00000000eaf00000,0x00000000eaf00000,0x00000000eaf80000)
 ParOldGen       total 132608K, used 127935K [0x00000000c0000000, 0x00000000c8180000, 0x00000000eab00000)
  object space 132608K, 96% used [0x00000000c0000000,0x00000000c7cefcb0,0x00000000c8180000)
 Metaspace       used 84917K, committed 86016K, reserved 1130496K
  class space    used 8548K, committed 9024K, reserved 1048576K
}
Event: 884.846 GC heap before
{Heap before GC invocations=2623 (full 41):
 PSYoungGen      total 3072K, used 2880K [0x00000000eab00000, 0x00000000eaf80000, 0x0000000100000000)
  eden space 2560K, 100% used [0x00000000eab00000,0x00000000ead80000,0x00000000ead80000)
  from space 512K, 62% used [0x00000000eae80000,0x00000000eaed0000,0x00000000eaf00000)
  to   space 512K, 0% used [0x00000000eaf00000,0x00000000eaf00000,0x00000000eaf80000)
 ParOldGen       total 132608K, used 127935K [0x00000000c0000000, 0x00000000c8180000, 0x00000000eab00000)
  object space 132608K, 96% used [0x00000000c0000000,0x00000000c7cefcb0,0x00000000c8180000)
 Metaspace       used 84973K, committed 86080K, reserved 1130496K
  class space    used 8560K, committed 9088K, reserved 1048576K
}
Event: 884.847 GC heap after
{Heap after GC invocations=2623 (full 41):
 PSYoungGen      total 3072K, used 224K [0x00000000eab00000, 0x00000000eaf80000, 0x0000000100000000)
  eden space 2560K, 0% used [0x00000000eab00000,0x00000000eab00000,0x00000000ead80000)
  from space 512K, 43% used [0x00000000eaf00000,0x00000000eaf38000,0x00000000eaf80000)
  to   space 512K, 0% used [0x00000000eae80000,0x00000000eae80000,0x00000000eaf00000)
 ParOldGen       total 132608K, used 128095K [0x00000000c0000000, 0x00000000c8180000, 0x00000000eab00000)
  object space 132608K, 96% used [0x00000000c0000000,0x00000000c7d17cb0,0x00000000c8180000)
 Metaspace       used 84973K, committed 86080K, reserved 1130496K
  class space    used 8560K, committed 9088K, reserved 1048576K
}
Event: 886.801 GC heap before
{Heap before GC invocations=2624 (full 41):
 PSYoungGen      total 3072K, used 2784K [0x00000000eab00000, 0x00000000eaf80000, 0x0000000100000000)
  eden space 2560K, 100% used [0x00000000eab00000,0x00000000ead80000,0x00000000ead80000)
  from space 512K, 43% used [0x00000000eaf00000,0x00000000eaf38000,0x00000000eaf80000)
  to   space 512K, 0% used [0x00000000eae80000,0x00000000eae80000,0x00000000eaf00000)
 ParOldGen       total 132608K, used 128095K [0x00000000c0000000, 0x00000000c8180000, 0x00000000eab00000)
  object space 132608K, 96% used [0x00000000c0000000,0x00000000c7d17cb0,0x00000000c8180000)
 Metaspace       used 84973K, committed 86080K, reserved 1130496K
  class space    used 8560K, committed 9088K, reserved 1048576K
}
Event: 886.803 GC heap after
{Heap after GC invocations=2624 (full 41):
 PSYoungGen      total 3072K, used 224K [0x00000000eab00000, 0x00000000eaf80000, 0x0000000100000000)
  eden space 2560K, 0% used [0x00000000eab00000,0x00000000eab00000,0x00000000ead80000)
  from space 512K, 43% used [0x00000000eae80000,0x00000000eaeb8000,0x00000000eaf00000)
  to   space 512K, 0% used [0x00000000eaf00000,0x00000000eaf00000,0x00000000eaf80000)
 ParOldGen       total 132608K, used 128095K [0x00000000c0000000, 0x00000000c8180000, 0x00000000eab00000)
  object space 132608K, 96% used [0x00000000c0000000,0x00000000c7d17cb0,0x00000000c8180000)
 Metaspace       used 84973K, committed 86080K, reserved 1130496K
  class space    used 8560K, committed 9088K, reserved 1048576K
}
Event: 939.249 GC heap before
{Heap before GC invocations=2625 (full 41):
 PSYoungGen      total 3072K, used 2693K [0x00000000eab00000, 0x00000000eaf80000, 0x0000000100000000)
  eden space 2560K, 96% used [0x00000000eab00000,0x00000000ead694e8,0x00000000ead80000)
  from space 512K, 43% used [0x00000000eae80000,0x00000000eaeb8000,0x00000000eaf00000)
  to   space 512K, 0% used [0x00000000eaf00000,0x00000000eaf00000,0x00000000eaf80000)
 ParOldGen       total 132608K, used 128095K [0x00000000c0000000, 0x00000000c8180000, 0x00000000eab00000)
  object space 132608K, 96% used [0x00000000c0000000,0x00000000c7d17cb0,0x00000000c8180000)
 Metaspace       used 84985K, committed 86144K, reserved 1130496K
  class space    used 8560K, committed 9088K, reserved 1048576K
}
Event: 939.250 GC heap after
{Heap after GC invocations=2625 (full 41):
 PSYoungGen      total 3072K, used 512K [0x00000000eab00000, 0x00000000eaf80000, 0x0000000100000000)
  eden space 2560K, 0% used [0x00000000eab00000,0x00000000eab00000,0x00000000ead80000)
  from space 512K, 100% used [0x00000000eaf00000,0x00000000eaf80000,0x00000000eaf80000)
  to   space 1024K, 0% used [0x00000000ead80000,0x00000000ead80000,0x00000000eae80000)
 ParOldGen       total 132608K, used 128151K [0x00000000c0000000, 0x00000000c8180000, 0x00000000eab00000)
  object space 132608K, 96% used [0x00000000c0000000,0x00000000c7d25cb0,0x00000000c8180000)
 Metaspace       used 84985K, committed 86144K, reserved 1130496K
  class space    used 8560K, committed 9088K, reserved 1048576K
}
Event: 939.254 GC heap before
{Heap before GC invocations=2626 (full 41):
 PSYoungGen      total 3072K, used 3072K [0x00000000eab00000, 0x00000000eaf80000, 0x0000000100000000)
  eden space 2560K, 100% used [0x00000000eab00000,0x00000000ead80000,0x00000000ead80000)
  from space 512K, 100% used [0x00000000eaf00000,0x00000000eaf80000,0x00000000eaf80000)
  to   space 1024K, 0% used [0x00000000ead80000,0x00000000ead80000,0x00000000eae80000)
 ParOldGen       total 132608K, used 128151K [0x00000000c0000000, 0x00000000c8180000, 0x00000000eab00000)
  object space 132608K, 96% used [0x00000000c0000000,0x00000000c7d25cb0,0x00000000c8180000)
 Metaspace       used 84985K, committed 86144K, reserved 1130496K
  class space    used 8560K, committed 9088K, reserved 1048576K
}
Event: 939.256 GC heap after
{Heap after GC invocations=2626 (full 41):
 PSYoungGen      total 3584K, used 1004K [0x00000000eab00000, 0x00000000eb480000, 0x0000000100000000)
  eden space 2560K, 0% used [0x00000000eab00000,0x00000000eab00000,0x00000000ead80000)
  from space 1024K, 98% used [0x00000000ead80000,0x00000000eae7b1b0,0x00000000eae80000)
  to   space 3584K, 0% used [0x00000000eb100000,0x00000000eb100000,0x00000000eb480000)
 ParOldGen       total 132608K, used 130223K [0x00000000c0000000, 0x00000000c8180000, 0x00000000eab00000)
  object space 132608K, 98% used [0x00000000c0000000,0x00000000c7f2bcb0,0x00000000c8180000)
 Metaspace       used 84985K, committed 86144K, reserved 1130496K
  class space    used 8560K, committed 9088K, reserved 1048576K
}
Event: 939.256 GC heap before
{Heap before GC invocations=2627 (full 42):
 PSYoungGen      total 3584K, used 1004K [0x00000000eab00000, 0x00000000eb480000, 0x0000000100000000)
  eden space 2560K, 0% used [0x00000000eab00000,0x00000000eab00000,0x00000000ead80000)
  from space 1024K, 98% used [0x00000000ead80000,0x00000000eae7b1b0,0x00000000eae80000)
  to   space 3584K, 0% used [0x00000000eb100000,0x00000000eb100000,0x00000000eb480000)
 ParOldGen       total 132608K, used 130223K [0x00000000c0000000, 0x00000000c8180000, 0x00000000eab00000)
  object space 132608K, 98% used [0x00000000c0000000,0x00000000c7f2bcb0,0x00000000c8180000)
 Metaspace       used 84985K, committed 86144K, reserved 1130496K
  class space    used 8560K, committed 9088K, reserved 1048576K
}

